<?xml version="1.0" encoding="UTF-8"?>
<!-- Generated by org.testng.reporters.JUnitReportReporter -->
<testsuite hostname="DESKTOP-QR6851A" failures="0" tests="2" name="org.testng.C" time="0.017" errors="0" timestamp="2023-02-24T18:00:07 IST" skipped="0">
  <testcase classname="org.testng.C" name="tc12" time="0.003"/>
  <system-out/>
  <testcase classname="org.testng.C" name="tc10" time="0.014"/>
  <system-out/>
</testsuite> <!-- org.testng.C -->
