<?xml version="1.0" encoding="UTF-8"?>
<!-- Generated by org.testng.reporters.JUnitReportReporter -->
<testsuite hostname="DESKTOP-QR6851A" failures="0" tests="4" name="org.testng.challenge3" time="8.499" errors="0" timestamp="2023-02-24T08:36:46 IST" skipped="1">
  <testcase classname="org.testng.challenge3" name="tc2" time="3.316"/>
  <system-out/>
  <testcase classname="org.testng.challenge3" name="tc1" time="4.546"/>
  <system-out/>
  <testcase classname="org.testng.challenge3" name="tc2" time="0.637"/>
  <system-out/>
  <testcase classname="org.testng.challenge3" name="tc3">
    <skipped/>
  </testcase> <!-- tc3 -->
  <system-out/>
</testsuite> <!-- org.testng.challenge3 -->
