<?xml version="1.0" encoding="UTF-8"?>
<!-- Generated by org.testng.reporters.JUnitReportReporter -->
<testsuite hostname="DESKTOP-QR6851A" failures="0" tests="3" name="org.testng.crossBrowser" time="62.690" errors="0" timestamp="2023-02-25T21:10:29 IST" skipped="0">
  <testcase classname="org.testng.crossBrowser" name="tc1" time="22.637"/>
  <system-out/>
  <testcase classname="org.testng.crossBrowser" name="tc1" time="22.463"/>
  <system-out/>
  <testcase classname="org.testng.crossBrowser" name="tc1" time="17.590"/>
  <system-out/>
</testsuite> <!-- org.testng.crossBrowser -->
