<?xml version="1.0" encoding="UTF-8"?>
<!-- Generated by org.testng.reporters.JUnitReportReporter -->
<testsuite hostname="DESKTOP-QR6851A" failures="0" tests="3" name="org.testng.challenge2suite" time="0.007" errors="0" timestamp="2023-02-24T18:00:07 IST" skipped="0">
  <testcase classname="org.testng.challenge2suite" name="tc52" time="0.004"/>
  <system-out/>
  <testcase classname="org.testng.challenge2suite" name="tc53" time="0.002"/>
  <system-out/>
  <testcase classname="org.testng.challenge2suite" name="tc51" time="0.001"/>
  <system-out/>
</testsuite> <!-- org.testng.challenge2suite -->
