<?xml version="1.0" encoding="UTF-8"?>
<!-- Generated by org.testng.reporters.JUnitReportReporter -->
<testsuite hostname="DESKTOP-QR6851A" failures="0" tests="3" name="org.testng.challenge1" time="0.018" errors="0" timestamp="2023-02-23T09:18:13 IST" skipped="0">
  <testcase classname="org.testng.challenge1" name="tc2" time="0.002"/>
  <system-out/>
  <testcase classname="org.testng.challenge1" name="tc1" time="0.013"/>
  <system-out/>
  <testcase classname="org.testng.challenge1" name="tc5" time="0.003"/>
  <system-out/>
</testsuite> <!-- org.testng.challenge1 -->
