<?xml version="1.0" encoding="UTF-8"?>
<!-- Generated by org.testng.reporters.JUnitReportReporter -->
<testsuite hostname="DESKTOP-QR6851A" failures="0" tests="7" name="org.testng.challenge4" time="29.612" errors="0" timestamp="2023-02-24T09:25:37 IST" skipped="0">
  <testcase classname="org.testng.challenge4" name="tc2" time="4.986"/>
  <system-out/>
  <testcase classname="org.testng.challenge4" name="tc6" time="1.653"/>
  <system-out/>
  <testcase classname="org.testng.challenge4" name="tc7" time="5.256"/>
  <system-out/>
  <testcase classname="org.testng.challenge4" name="tc5" time="5.048"/>
  <system-out/>
  <testcase classname="org.testng.challenge4" name="tc4" time="6.658"/>
  <system-out/>
  <testcase classname="org.testng.challenge4" name="tc3" time="2.927"/>
  <system-out/>
  <testcase classname="org.testng.challenge4" name="tc1" time="3.084"/>
  <system-out/>
</testsuite> <!-- org.testng.challenge4 -->
