<?xml version="1.0" encoding="UTF-8"?>
<!-- Generated by org.testng.reporters.JUnitReportReporter -->
<testsuite hostname="DESKTOP-QR6851A" failures="0" tests="1" name="org.testng.D" time="0.002" errors="0" timestamp="2023-02-24T18:00:07 IST" skipped="0">
  <testcase classname="org.testng.D" name="tc20" time="0.002"/>
  <system-out/>
</testsuite> <!-- org.testng.D -->
